C:\USERS\UNIQUE\DOCUMENTS\VISUAL STUDIO 2012\PROJECTS\COMPANY PAYROLL SYSTEM\COMPANY PAYROLL SYSTEM\DEBUG\WORKER.OBJ
C:\USERS\UNIQUE\DOCUMENTS\VISUAL STUDIO 2012\PROJECTS\COMPANY PAYROLL SYSTEM\COMPANY PAYROLL SYSTEM\DEBUG\UPDATEWORKER.OBJ
C:\USERS\UNIQUE\DOCUMENTS\VISUAL STUDIO 2012\PROJECTS\COMPANY PAYROLL SYSTEM\COMPANY PAYROLL SYSTEM\DEBUG\TRAINEE.OBJ
C:\USERS\UNIQUE\DOCUMENTS\VISUAL STUDIO 2012\PROJECTS\COMPANY PAYROLL SYSTEM\COMPANY PAYROLL SYSTEM\DEBUG\HOME.OBJ
C:\USERS\UNIQUE\DOCUMENTS\VISUAL STUDIO 2012\PROJECTS\COMPANY PAYROLL SYSTEM\COMPANY PAYROLL SYSTEM\DEBUG\GRADE.OBJ
C:\USERS\UNIQUE\DOCUMENTS\VISUAL STUDIO 2012\PROJECTS\COMPANY PAYROLL SYSTEM\COMPANY PAYROLL SYSTEM\DEBUG\EMPLOYEE.OBJ
C:\USERS\UNIQUE\DOCUMENTS\VISUAL STUDIO 2012\PROJECTS\COMPANY PAYROLL SYSTEM\COMPANY PAYROLL SYSTEM\DEBUG\DISPLAYWORKERS.OBJ
C:\USERS\UNIQUE\DOCUMENTS\VISUAL STUDIO 2012\PROJECTS\COMPANY PAYROLL SYSTEM\COMPANY PAYROLL SYSTEM\DEBUG\DELETEWORKER.OBJ
C:\USERS\UNIQUE\DOCUMENTS\VISUAL STUDIO 2012\PROJECTS\COMPANY PAYROLL SYSTEM\COMPANY PAYROLL SYSTEM\DEBUG\ADDWORKER.OBJ
C:\USERS\UNIQUE\DOCUMENTS\VISUAL STUDIO 2012\PROJECTS\COMPANY PAYROLL SYSTEM\COMPANY PAYROLL SYSTEM\DEBUG\VC110.PDB
C:\USERS\UNIQUE\DOCUMENTS\VISUAL STUDIO 2012\PROJECTS\COMPANY PAYROLL SYSTEM\COMPANY PAYROLL SYSTEM\DEBUG\.NETFRAMEWORK,VERSION=V4.6.1.ASSEMBLYATTRIBUTES.OBJ
C:\Users\Unique\Documents\Visual Studio 2012\Projects\Company Payroll System\Company Payroll System\Debug\CompanyPayrollSystem.AddWorker.resources
C:\Users\Unique\Documents\Visual Studio 2012\Projects\Company Payroll System\Company Payroll System\Debug\CompanyPayrollSystem.DeleteWorker.resources
C:\Users\Unique\Documents\Visual Studio 2012\Projects\Company Payroll System\Company Payroll System\Debug\CompanyPayrollSystem.DisplayWorkers.resources
C:\Users\Unique\Documents\Visual Studio 2012\Projects\Company Payroll System\Company Payroll System\Debug\CompanyPayrollSystem.Home.resources
C:\Users\Unique\Documents\Visual Studio 2012\Projects\Company Payroll System\Company Payroll System\Debug\CompanyPayrollSystem.UpdateWorker.resources
C:\USERS\UNIQUE\DOCUMENTS\VISUAL STUDIO 2012\PROJECTS\COMPANY PAYROLL SYSTEM\DEBUG\COMPANY PAYROLL SYSTEM.ILK
C:\USERS\UNIQUE\DOCUMENTS\VISUAL STUDIO 2012\PROJECTS\COMPANY PAYROLL SYSTEM\DEBUG\COMPANY PAYROLL SYSTEM.EXE
C:\USERS\UNIQUE\DOCUMENTS\VISUAL STUDIO 2012\PROJECTS\COMPANY PAYROLL SYSTEM\DEBUG\COMPANY PAYROLL SYSTEM.PDB
C:\USERS\UNIQUE\DOCUMENTS\VISUAL STUDIO 2012\PROJECTS\COMPANY PAYROLL SYSTEM\COMPANY PAYROLL SYSTEM\DEBUG\METAGEN.WRITE.1.TLOG
C:\Users\Unique\Documents\Visual Studio 2012\Projects\Company Payroll System\Company Payroll System\Debug\Company Payroll System.vcxproj.GenerateResource.Cache
C:\Users\Unique\Documents\Visual Studio 2012\Projects\Company Payroll System\Company Payroll System\Debug\.NETFramework,Version=v4.6.1.AssemblyAttributes.obj
C:\Users\Unique\Documents\Visual Studio 2012\Projects\Company Payroll System\Company Payroll System\Debug\AddWorker.obj
C:\Users\Unique\Documents\Visual Studio 2012\Projects\Company Payroll System\Company Payroll System\Debug\DeleteWorker.obj
C:\Users\Unique\Documents\Visual Studio 2012\Projects\Company Payroll System\Company Payroll System\Debug\DisplayWorkers.obj
C:\Users\Unique\Documents\Visual Studio 2012\Projects\Company Payroll System\Company Payroll System\Debug\Employee.obj
C:\Users\Unique\Documents\Visual Studio 2012\Projects\Company Payroll System\Company Payroll System\Debug\Grade.obj
C:\Users\Unique\Documents\Visual Studio 2012\Projects\Company Payroll System\Company Payroll System\Debug\Home.obj
C:\Users\Unique\Documents\Visual Studio 2012\Projects\Company Payroll System\Company Payroll System\Debug\Trainee.obj
C:\Users\Unique\Documents\Visual Studio 2012\Projects\Company Payroll System\Company Payroll System\Debug\UpdateWorker.obj
C:\Users\Unique\Documents\Visual Studio 2012\Projects\Company Payroll System\Company Payroll System\Debug\Worker.obj
C:\Users\Unique\Documents\Visual Studio 2012\Projects\Company Payroll System\Company Payroll System\Debug\cl.command.1.tlog
C:\Users\Unique\Documents\Visual Studio 2012\Projects\Company Payroll System\Company Payroll System\Debug\CL.read.1.tlog
C:\Users\Unique\Documents\Visual Studio 2012\Projects\Company Payroll System\Company Payroll System\Debug\CL.write.1.tlog
C:\Users\Unique\Documents\Visual Studio 2012\Projects\Company Payroll System\Company Payroll System\Debug\Company Payroll System.write.1.tlog
C:\Users\Unique\Documents\Visual Studio 2012\Projects\Company Payroll System\Company Payroll System\Debug\link.6296-cvtres.read.1.tlog
C:\Users\Unique\Documents\Visual Studio 2012\Projects\Company Payroll System\Company Payroll System\Debug\link.6296-cvtres.write.1.tlog
C:\Users\Unique\Documents\Visual Studio 2012\Projects\Company Payroll System\Company Payroll System\Debug\link.6296-rc.read.1.tlog
C:\Users\Unique\Documents\Visual Studio 2012\Projects\Company Payroll System\Company Payroll System\Debug\link.6296-rc.write.1.tlog
C:\Users\Unique\Documents\Visual Studio 2012\Projects\Company Payroll System\Company Payroll System\Debug\link.6296.read.1.tlog
C:\Users\Unique\Documents\Visual Studio 2012\Projects\Company Payroll System\Company Payroll System\Debug\link.6296.write.1.tlog
C:\Users\Unique\Documents\Visual Studio 2012\Projects\Company Payroll System\Company Payroll System\Debug\link.6948-cvtres.read.1.tlog
C:\Users\Unique\Documents\Visual Studio 2012\Projects\Company Payroll System\Company Payroll System\Debug\link.6948-cvtres.write.1.tlog
C:\Users\Unique\Documents\Visual Studio 2012\Projects\Company Payroll System\Company Payroll System\Debug\link.6948-rc.read.1.tlog
C:\Users\Unique\Documents\Visual Studio 2012\Projects\Company Payroll System\Company Payroll System\Debug\link.6948-rc.write.1.tlog
C:\Users\Unique\Documents\Visual Studio 2012\Projects\Company Payroll System\Company Payroll System\Debug\link.6948.read.1.tlog
C:\Users\Unique\Documents\Visual Studio 2012\Projects\Company Payroll System\Company Payroll System\Debug\link.6948.write.1.tlog
C:\Users\Unique\Documents\Visual Studio 2012\Projects\Company Payroll System\Company Payroll System\Debug\link.command.1.tlog
C:\Users\Unique\Documents\Visual Studio 2012\Projects\Company Payroll System\Company Payroll System\Debug\link.read.1.tlog
C:\Users\Unique\Documents\Visual Studio 2012\Projects\Company Payroll System\Company Payroll System\Debug\link.write.1.tlog
C:\Users\Unique\Documents\Visual Studio 2012\Projects\Company Payroll System\Company Payroll System\Debug\metagen.read.1.tlog
C:\Users\Unique\Documents\Visual Studio 2012\Projects\Company Payroll System\Company Payroll System\Debug\metagen.write.1.tlog
C:\Users\Unique\Documents\Visual Studio 2012\Projects\Company Payroll System\Company Payroll System\Debug\vc110.pdb
C:\Users\Unique\Documents\Visual Studio 2012\Projects\Company Payroll System\Company Payroll System\Debug\MICROSOFT.VISUALBASIC.POWERPACKS.VS.DLL.metagen
C:\Users\Unique\Documents\Visual Studio 2012\Projects\Company Payroll System\Company Payroll System\Debug\TZRES.DLL.bi
C:\Users\Unique\Documents\Visual Studio 2012\Projects\Company Payroll System\Debug\Company Payroll System.pdb
C:\Users\Unique\Documents\Visual Studio 2012\Projects\Company Payroll System\Debug\Company Payroll System.exe
C:\Users\Unique\Documents\Visual Studio 2012\Projects\Company Payroll System\Debug\Company Payroll System.ilk
